This is pdfTeX, Version 3.141592653-2.6-1.40.25 (TeX Live 2023/Debian) (preloaded format=pdflatex 2026.5.5)  20 MAY 2026 01:34
entering extended mode
 restricted \write18 enabled.
 file:line:error style messages enabled.
 %&-line parsing enabled.
**/home/lorenzo/bachelor/IA/E.B.1.2/sol.tex
(/home/lorenzo/bachelor/IA/E.B.1.2/sol.tex
LaTeX2e <2023-11-01> patch level 1
L3 programming layer <2024-01-22>
(/usr/share/texlive/texmf-dist/tex/latex/base/article.cls
Document Class: article 2023/05/17 v1.4n Standard LaTeX document class
(/usr/share/texlive/texmf-dist/tex/latex/base/size12.clo
File: size12.clo 2023/05/17 v1.4n Standard LaTeX file (size option)
)
\c@part=\count187
\c@section=\count188
\c@subsection=\count189
\c@subsubsection=\count190
\c@paragraph=\count191
\c@subparagraph=\count192
\c@figure=\count193
\c@table=\count194
\abovecaptionskip=\skip48
\belowcaptionskip=\skip49
\bibindent=\dimen140
) (/usr/share/texlive/texmf-dist/tex/latex/base/inputenc.sty
Package: inputenc 2021/02/14 v1.3d Input encoding file
\inpenc@prehook=\toks17
\inpenc@posthook=\toks18
) (/usr/share/texlive/texmf-dist/tex/latex/enumitem/enumitem.sty
Package: enumitem 2019/06/20 v3.9 Customized lists
\enitkv@toks@=\toks19
\labelindent=\skip50
\enit@outerparindent=\dimen141
\enit@toks=\toks20
\enit@inbox=\box51
\enit@count@id=\count195
\enitdp@description=\count196
) (/usr/share/texlive/texmf-dist/tex/latex/amsmath/amsmath.sty
Package: amsmath 2023/05/13 v2.17o AMS math features
\@mathmargin=\skip51

For additional information on amsmath, use the `?' option.
(/usr/share/texlive/texmf-dist/tex/latex/amsmath/amstext.sty
Package: amstext 2021/08/26 v2.01 AMS text
 (/usr/share/texlive/texmf-dist/tex/latex/amsmath/amsgen.sty
File: amsgen.sty 1999/11/30 v2.0 generic functions
\@emptytoks=\toks21
\ex@=\dimen142
)) (/usr/share/texlive/texmf-dist/tex/latex/amsmath/amsbsy.sty
Package: amsbsy 1999/11/29 v1.2d Bold Symbols
\pmbraise@=\dimen143
) (/usr/share/texlive/texmf-dist/tex/latex/amsmath/amsopn.sty
Package: amsopn 2022/04/08 v2.04 operator names
)
\inf@bad=\count197
LaTeX Info: Redefining \frac on input line 234.
\uproot@=\count198
\leftroot@=\count199
LaTeX Info: Redefining \overline on input line 399.
LaTeX Info: Redefining \colon on input line 410.
\classnum@=\count266
\DOTSCASE@=\count267
LaTeX Info: Redefining \ldots on input line 496.
LaTeX Info: Redefining \dots on input line 499.
LaTeX Info: Redefining \cdots on input line 620.
\Mathstrutbox@=\box52
\strutbox@=\box53
LaTeX Info: Redefining \big on input line 722.
LaTeX Info: Redefining \Big on input line 723.
LaTeX Info: Redefining \bigg on input line 724.
LaTeX Info: Redefining \Bigg on input line 725.
\big@size=\dimen144
LaTeX Font Info:    Redeclaring font encoding OML on input line 743.
LaTeX Font Info:    Redeclaring font encoding OMS on input line 744.
\macc@depth=\count268
LaTeX Info: Redefining \bmod on input line 905.
LaTeX Info: Redefining \pmod on input line 910.
LaTeX Info: Redefining \smash on input line 940.
LaTeX Info: Redefining \relbar on input line 970.
LaTeX Info: Redefining \Relbar on input line 971.
\c@MaxMatrixCols=\count269
\dotsspace@=\muskip16
\c@parentequation=\count270
\dspbrk@lvl=\count271
\tag@help=\toks22
\row@=\count272
\column@=\count273
\maxfields@=\count274
\andhelp@=\toks23
\eqnshift@=\dimen145
\alignsep@=\dimen146
\tagshift@=\dimen147
\tagwidth@=\dimen148
\totwidth@=\dimen149
\lineht@=\dimen150
\@envbody=\toks24
\multlinegap=\skip52
\multlinetaggap=\skip53
\mathdisplay@stack=\toks25
LaTeX Info: Redefining \[ on input line 2953.
LaTeX Info: Redefining \] on input line 2954.
) (/usr/share/texlive/texmf-dist/tex/latex/amsfonts/amssymb.sty
Package: amssymb 2013/01/14 v3.01 AMS font symbols
 (/usr/share/texlive/texmf-dist/tex/latex/amsfonts/amsfonts.sty
Package: amsfonts 2013/01/14 v3.01 Basic AMSFonts support
\symAMSa=\mathgroup4
\symAMSb=\mathgroup5
LaTeX Font Info:    Redeclaring math symbol \hbar on input line 98.
LaTeX Font Info:    Overwriting math alphabet `\mathfrak' in version `bold'
(Font)                  U/euf/m/n --> U/euf/b/n on input line 106.
)) (/usr/share/texlive/texmf-dist/tex/latex/l3backend/l3backend-pdftex.def
File: l3backend-pdftex.def 2024-01-04 L3 backend support: PDF output (pdfTeX)
\l__color_backend_stack_int=\count275
\l__pdf_internal_box=\box54
) (./sol.aux)
\openout1 = `sol.aux'.

LaTeX Font Info:    Checking defaults for OML/cmm/m/it on input line 12.
LaTeX Font Info:    ... okay on input line 12.
LaTeX Font Info:    Checking defaults for OMS/cmsy/m/n on input line 12.
LaTeX Font Info:    ... okay on input line 12.
LaTeX Font Info:    Checking defaults for OT1/cmr/m/n on input line 12.
LaTeX Font Info:    ... okay on input line 12.
LaTeX Font Info:    Checking defaults for T1/cmr/m/n on input line 12.
LaTeX Font Info:    ... okay on input line 12.
LaTeX Font Info:    Checking defaults for TS1/cmr/m/n on input line 12.
LaTeX Font Info:    ... okay on input line 12.
LaTeX Font Info:    Checking defaults for OMX/cmex/m/n on input line 12.
LaTeX Font Info:    ... okay on input line 12.
LaTeX Font Info:    Checking defaults for U/cmr/m/n on input line 12.
LaTeX Font Info:    ... okay on input line 12.
LaTeX Font Info:    Trying to load font information for U+msa on input line 13.
 (/usr/share/texlive/texmf-dist/tex/latex/amsfonts/umsa.fd
File: umsa.fd 2013/01/14 v3.01 AMS symbols A
)
LaTeX Font Info:    Trying to load font information for U+msb on input line 13.
 (/usr/share/texlive/texmf-dist/tex/latex/amsfonts/umsb.fd
File: umsb.fd 2013/01/14 v3.01 AMS symbols B
)
Overfull \hbox (63.90126pt too wide) detected at line 28
[]\OMS/cmsy/m/n/12 8\OML/cmm/m/it/12 X\OMS/cmsy/m/n/12 8\OML/cmm/m/it/12 C  Studente\OT1/cmr/m/n/12 (\OML/cmm/m/it/12 X\OT1/cmr/m/n/12 ) \OMS/cmsy/m/n/12 ^ \OML/cmm/m/it/12 Corso\OT1/cmr/m/n/12 (\OML/cmm/m/it/12 C\OT1/cmr/m/n/12 ) \OMS/cmsy/m/n/12 ^ \OT1/cmr/m/n/12 (\OML/cmm/m/it/12 Ansioso\OT1/cmr/m/n/12 (\OML/cmm/m/it/12 X\OT1/cmr/m/n/12 ) \OMS/cmsy/m/n/12 _ :\OML/cmm/m/it/12 HaStudiato\OT1/cmr/m/n/12 (\OML/cmm/m/it/12 X; C\OT1/cmr/m/n/12 )) \OMS/cmsy/m/n/12 ! :\OML/cmm/m/it/12 Supera\OT1/cmr/m/n/12 (\OML/cmm/m/it/12 X; C\OT1/cmr/m/n/12 )
 []

[1

{/var/lib/texmf/fonts/map/pdftex/updmap/pdftex.map}{/usr/share/texmf/fonts/enc/dvips/cm-super/cm-super-ts1.enc}]
Overfull \hbox (23.93803pt too wide) in paragraph at lines 45--51
\OML/cmm/m/it/12 Studente\OT1/cmr/m/n/12 (\OML/cmm/m/it/12 X\OT1/cmr/m/n/12 ) \OMS/cmsy/m/n/12 ^ \OML/cmm/m/it/12 Corso\OT1/cmr/m/n/12 (\OML/cmm/m/it/12 C\OT1/cmr/m/n/12 ) \OMS/cmsy/m/n/12 ^ \OT1/cmr/m/n/12 (\OML/cmm/m/it/12 Ansioso\OT1/cmr/m/n/12 (\OML/cmm/m/it/12 X\OT1/cmr/m/n/12 ) \OMS/cmsy/m/n/12 _ :\OML/cmm/m/it/12 HaStudiato\OT1/cmr/m/n/12 (\OML/cmm/m/it/12 X; C\OT1/cmr/m/n/12 )) \OMS/cmsy/m/n/12 ! :\OML/cmm/m/it/12 Supera\OT1/cmr/m/n/12 (\OML/cmm/m/it/12 X; C\OT1/cmr/m/n/12 )$ 
 []


Underfull \hbox (badness 10000) in paragraph at lines 45--51

 []


Underfull \hbox (badness 10000) in paragraph at lines 52--66

 []


Overfull \hbox (67.52364pt too wide) in paragraph at lines 67--72
\OML/cmm/m/it/12 Ansioso\OT1/cmr/m/n/12 (\OML/cmm/m/it/12 X[]\OT1/cmr/m/n/12 ) \OMS/cmsy/m/n/12 ^ \OML/cmm/m/it/12 Supera\OT1/cmr/m/n/12 (\OML/cmm/m/it/12 X[]; C[]\OT1/cmr/m/n/12 )$ op-pure $\OML/cmm/m/it/12 Studente\OT1/cmr/m/n/12 (\OML/cmm/m/it/12 X[]\OT1/cmr/m/n/12 ) \OMS/cmsy/m/n/12 ^ \OML/cmm/m/it/12 Corso\OT1/cmr/m/n/12 (\OML/cmm/m/it/12 C[]\OT1/cmr/m/n/12 ) \OMS/cmsy/m/n/12 ^ :\OML/cmm/m/it/12 HaStudiato\OT1/cmr/m/n/12 (\OML/cmm/m/it/12 X[]; C[]\OT1/cmr/m/n/12 ) \OMS/cmsy/m/n/12 ^
 []

[2]
Overfull \hbox (18.83246pt too wide) in paragraph at lines 74--80
\OML/cmm/m/it/12 Studente\OT1/cmr/m/n/12 (\OML/cmm/m/it/12 Y\OT1/cmr/m/n/12 ) \OMS/cmsy/m/n/12 ^ \OML/cmm/m/it/12 Corso\OT1/cmr/m/n/12 (\OML/cmm/m/it/12 C\OT1/cmr/m/n/12 ) \OMS/cmsy/m/n/12 ^ \OT1/cmr/m/n/12 (\OML/cmm/m/it/12 Ansioso\OT1/cmr/m/n/12 (\OML/cmm/m/it/12 Y\OT1/cmr/m/n/12 ) \OMS/cmsy/m/n/12 _ :\OML/cmm/m/it/12 HaStudiato\OT1/cmr/m/n/12 (\OML/cmm/m/it/12 Y; C\OT1/cmr/m/n/12 )) \OMS/cmsy/m/n/12 ! :\OML/cmm/m/it/12 Supera\OT1/cmr/m/n/12 (\OML/cmm/m/it/12 X; C\OT1/cmr/m/n/12 )$ 
 []


Underfull \hbox (badness 10000) in paragraph at lines 74--80

 []


Overfull \hbox (19.92123pt too wide) in paragraph at lines 81--112
\OT1/cmr/m/n/12 13. (3., 5.) $\OMS/cmsy/m/n/12 :\OML/cmm/m/it/12 Studente\OT1/cmr/m/n/12 (\OML/cmm/m/it/12 X\OT1/cmr/m/n/12 ) \OMS/cmsy/m/n/12 _ :\OML/cmm/m/it/12 Studente\OT1/cmr/m/n/12 (\OML/cmm/m/it/12 Y\OT1/cmr/m/n/12 ) \OMS/cmsy/m/n/12 _ :\OML/cmm/m/it/12 Ansioso\OT1/cmr/m/n/12 (\OML/cmm/m/it/12 Y\OT1/cmr/m/n/12 ) \OMS/cmsy/m/n/12 _ :\OML/cmm/m/it/12 Supera\OT1/cmr/m/n/12 (\OML/cmm/m/it/12 Y; C[]\OT1/cmr/m/n/12 (\OML/cmm/m/it/12 X\OT1/cmr/m/n/12 ))$, 
 []


Underfull \hbox (badness 10000) in paragraph at lines 81--112

 []

[3]
Overfull \hbox (54.60022pt too wide) in paragraph at lines 130--130
[]\OT1/cmtt/m/n/12 all x all c ((Studente(x) & Corso(c) & (Ansioso(x) | -HaStudiato(x, c)))[] 
 []

[4]
Overfull \hbox (48.42522pt too wide) in paragraph at lines 153--153
[]\OT1/cmtt/m/n/12 all x all c ((Studente(x) & Corso(c) &(Ansioso(x) | -HaStudiato(x, c)))[] 
 []

[5] (./sol.aux)
 ***********
LaTeX2e <2023-11-01> patch level 1
L3 programming layer <2024-01-22>
 ***********
 ) 
Here is how much of TeX's memory you used:
 2081 strings out of 474222
 30500 string characters out of 5748734
 1932975 words of memory out of 5000000
 24360 multiletter control sequences out of 15000+600000
 567338 words of font info for 72 fonts, out of 8000000 for 9000
 1141 hyphenation exceptions out of 8191
 56i,6n,65p,253b,283s stack positions out of 10000i,1000n,20000p,200000b,200000s
</usr/share/texlive/texmf-dist/fonts/type1/public/amsfonts/cm/cmbx12.pfb></usr/share/texlive/texmf-dist/fonts/type1/public/amsfonts/cm/cmmi12.pfb></usr/share/texlive/texmf-dist/fonts/type1/public/amsfonts/cm/cmmi8.pfb></usr/share/texlive/texmf-dist/fonts/type1/public/amsfonts/cm/cmr12.pfb></usr/share/texlive/texmf-dist/fonts/type1/public/amsfonts/cm/cmr17.pfb></usr/share/texlive/texmf-dist/fonts/type1/public/amsfonts/cm/cmr8.pfb></usr/share/texlive/texmf-dist/fonts/type1/public/amsfonts/cm/cmsy10.pfb></usr/share/texlive/texmf-dist/fonts/type1/public/amsfonts/cm/cmtt12.pfb></usr/share/texmf/fonts/type1/public/cm-super/sfrm1200.pfb>
Output written on sol.pdf (5 pages, 104042 bytes).
PDF statistics:
 66 PDF objects out of 1000 (max. 8388607)
 40 compressed objects within 1 object stream
 0 named destinations out of 1000 (max. 500000)
 1 words of extra memory for PDF output out of 10000 (max. 10000000)

